[debug] [2020-07-10T18:43:02.010Z] ----------------------------------------------------------------------
[debug] [2020-07-10T18:43:02.012Z] Command:       C:\Program Files\nodejs\node.exe C:\Users\LEGION\AppData\Roaming\npm\node_modules\firebase-tools\lib\bin\firebase.js login
[debug] [2020-07-10T18:43:02.012Z] CLI Version:   8.5.0
[debug] [2020-07-10T18:43:02.012Z] Platform:      win32
[debug] [2020-07-10T18:43:02.012Z] Node Version:  v12.18.1
[debug] [2020-07-10T18:43:02.013Z] Time:          Fri Jul 10 2020 14:43:02 GMT-0400 (GMT-04:00)
[debug] [2020-07-10T18:43:02.013Z] ----------------------------------------------------------------------
[debug] [2020-07-10T18:43:02.014Z] 
[info] i  Firebase optionally collects CLI usage and error reporting information to help improve our products. Data is collected in accordance with Google's privacy policy (https://policies.google.com/privacy) and is not used to identify you.
 
[info] i  To change your data collection preference at any time, run `firebase logout` and log in again. 
[info] 
[info] Visit this URL on this device to log in:
[info] https://accounts.google.com/o/oauth2/auth?client_id=563584335869-fgrhgmd47bqnekij5i8b5pr03ho849e6.apps.googleusercontent.com&scope=email%20openid%20https%3A%2F%2Fwww.googleapis.com%2Fauth%2Fcloudplatformprojects.readonly%20https%3A%2F%2Fwww.googleapis.com%2Fauth%2Ffirebase%20https%3A%2F%2Fwww.googleapis.com%2Fauth%2Fcloud-platform&response_type=code&state=337515896&redirect_uri=http%3A%2F%2Flocalhost%3A9005
[info] 
[info] Waiting for authentication...
[debug] [2020-07-10T18:49:13.860Z] Error: spawn cmd ENOENT
    at Process.ChildProcess._handle.onexit (internal/child_process.js:267:19)
    at onErrorNT (internal/child_process.js:469:16)
    at processTicksAndRejections (internal/process/task_queues.js:84:21)
[error] 
[error] Error: An unexpected error has occurred.
[debug] [2020-07-10T18:49:18.082Z] ----------------------------------------------------------------------
[debug] [2020-07-10T18:49:18.084Z] Command:       C:\Program Files\nodejs\node.exe C:\Users\LEGION\AppData\Roaming\npm\node_modules\firebase-tools\lib\bin\firebase.js login --no-localhost
[debug] [2020-07-10T18:49:18.084Z] CLI Version:   8.5.0
[debug] [2020-07-10T18:49:18.084Z] Platform:      win32
[debug] [2020-07-10T18:49:18.084Z] Node Version:  v12.18.1
[debug] [2020-07-10T18:49:18.086Z] Time:          Fri Jul 10 2020 14:49:18 GMT-0400 (GMT-04:00)
[debug] [2020-07-10T18:49:18.086Z] ----------------------------------------------------------------------
[debug] [2020-07-10T18:49:18.086Z] 
[info] i  Firebase optionally collects CLI usage and error reporting information to help improve our products. Data is collected in accordance with Google's privacy policy (https://policies.google.com/privacy) and is not used to identify you.
 
[info] i  To change your data collection preference at any time, run `firebase logout` and log in again. 
[info] 
[info] Visit this URL on any device to log in:
[info] https://accounts.google.com/o/oauth2/auth?client_id=563584335869-fgrhgmd47bqnekij5i8b5pr03ho849e6.apps.googleusercontent.com&scope=email%20openid%20https%3A%2F%2Fwww.googleapis.com%2Fauth%2Fcloudplatformprojects.readonly%20https%3A%2F%2Fwww.googleapis.com%2Fauth%2Ffirebase%20https%3A%2F%2Fwww.googleapis.com%2Fauth%2Fcloud-platform&response_type=code&state=549006241&redirect_uri=urn%3Aietf%3Awg%3Aoauth%3A2.0%3Aoob
[info] 
[debug] [2020-07-10T19:03:41.475Z] Error: spawn cmd ENOENT
    at Process.ChildProcess._handle.onexit (internal/child_process.js:267:19)
    at onErrorNT (internal/child_process.js:469:16)
    at processTicksAndRejections (internal/process/task_queues.js:84:21)
[error] 
[error] Error: An unexpected error has occurred.
[debug] [2020-07-10T19:03:45.648Z] ----------------------------------------------------------------------
[debug] [2020-07-10T19:03:45.650Z] Command:       C:\Program Files\nodejs\node.exe C:\Users\LEGION\AppData\Roaming\npm\node_modules\firebase-tools\lib\bin\firebase.js login --interactive
[debug] [2020-07-10T19:03:45.650Z] CLI Version:   8.5.0
[debug] [2020-07-10T19:03:45.650Z] Platform:      win32
[debug] [2020-07-10T19:03:45.650Z] Node Version:  v12.18.1
[debug] [2020-07-10T19:03:45.651Z] Time:          Fri Jul 10 2020 15:03:45 GMT-0400 (GMT-04:00)
[debug] [2020-07-10T19:03:45.651Z] ----------------------------------------------------------------------
[debug] [2020-07-10T19:03:45.651Z] 
[info] i  Firebase optionally collects CLI usage and error reporting information to help improve our products. Data is collected in accordance with Google's privacy policy (https://policies.google.com/privacy) and is not used to identify you.
 
[info] 
[info] Visit this URL on this device to log in:
[info] https://accounts.google.com/o/oauth2/auth?client_id=563584335869-fgrhgmd47bqnekij5i8b5pr03ho849e6.apps.googleusercontent.com&scope=email%20openid%20https%3A%2F%2Fwww.googleapis.com%2Fauth%2Fcloudplatformprojects.readonly%20https%3A%2F%2Fwww.googleapis.com%2Fauth%2Ffirebase%20https%3A%2F%2Fwww.googleapis.com%2Fauth%2Fcloud-platform&response_type=code&state=453363225&redirect_uri=http%3A%2F%2Flocalhost%3A9005
[info] 
[info] Waiting for authentication...
[debug] [2020-07-10T19:03:52.352Z] Error: spawn cmd ENOENT
    at Process.ChildProcess._handle.onexit (internal/child_process.js:267:19)
    at onErrorNT (internal/child_process.js:469:16)
    at processTicksAndRejections (internal/process/task_queues.js:84:21)
[error] 
[error] Error: An unexpected error has occurred.
